app/build/outputs/logs/manifest-merger-debug-report.txt
-- Merging decision tree log ---
manifest
ADDED from src/main/AndroidManifest.xml:2:1-31:12
	package
		ADDED from src/main/AndroidManifest.xml:3:5-41
		INJECTED from src/main/AndroidManifest.xml
		INJECTED from src/main/AndroidManifest.xml
	android:versionName
		INJECTED from src/main/AndroidManifest.xml
		INJECTED from src/main/AndroidManifest.xml
	xmlns:android
		ADDED from src/main/AndroidManifest.xml:2:11-69
	android:versionCode
		INJECTED from src/main/AndroidManifest.xml
		INJECTED from src/main/AndroidManifest.xml
	android:installLocation
		ADDED from src/main/AndroidManifest.xml:4:5-35
uses-permission#android.permission.WAKE_LOCK
ADDED from src/main/AndroidManifest.xml:6:5-68
	android:name
		ADDED from src/main/AndroidManifest.xml:6:22-65
supports-screens
ADDED from src/main/AndroidManifest.xml:8:5-13:36
	android:largeScreens
		ADDED from src/main/AndroidManifest.xml:11:9-36
	android:smallScreens
		ADDED from src/main/AndroidManifest.xml:9:9-37
	android:normalScreens
		ADDED from src/main/AndroidManifest.xml:10:9-37
	android:xlargeScreens
		ADDED from src/main/AndroidManifest.xml:12:9-37
	android:resizeable
		ADDED from src/main/AndroidManifest.xml:8:23-49
	android:anyDensity
		ADDED from src/main/AndroidManifest.xml:13:9-34
application
ADDED from src/main/AndroidManifest.xml:15:5-29:19
	android:label
		ADDED from src/main/AndroidManifest.xml:18:9-41
	android:supportsRtl
		ADDED from src/main/AndroidManifest.xml:19:9-35
	android:allowBackup
		ADDED from src/main/AndroidManifest.xml:16:9-35
	android:icon
		ADDED from src/main/AndroidManifest.xml:17:9-43
	android:theme
		ADDED from src/main/AndroidManifest.xml:20:9-79
activity#com.mycompany.myngdroidapp.GameActivity
ADDED from src/main/AndroidManifest.xml:21:9-28:20
	android:screenOrientation
		ADDED from src/main/AndroidManifest.xml:22:13-55
	android:configChanges
		ADDED from src/main/AndroidManifest.xml:22:56-91
	android:theme
		ADDED from src/main/AndroidManifest.xml:22:92-130
	android:name
		ADDED from src/main/AndroidManifest.xml:21:19-73
intent-filter#android.intent.action.MAIN+android.intent.category.LAUNCHER
ADDED from src/main/AndroidManifest.xml:23:13-27:29
action#android.intent.action.MAIN
ADDED from src/main/AndroidManifest.xml:24:17-69
	android:name
		ADDED from src/main/AndroidManifest.xml:24:25-66
category#android.intent.category.LAUNCHER
ADDED from src/main/AndroidManifest.xml:26:17-77
	android:name
		ADDED from src/main/AndroidManifest.xml:26:27-74
uses-sdk
INJECTED from src/main/AndroidManifest.xml reason: use-sdk injection requested
MERGED from [com.android.support:appcompat-v7:27.1.1] AndroidManifest.xml:20:5-44
MERGED from [com.android.support:support-fragment:27.1.1] AndroidManifest.xml:20:5-44
MERGED from [android.arch.lifecycle:livedata-core:1.1.0] AndroidManifest.xml:20:5-44
MERGED from [android.arch.core:runtime:1.1.0] AndroidManifest.xml:20:5-44
MERGED from [android.arch.lifecycle:viewmodel:1.1.0] AndroidManifest.xml:20:5-44
MERGED from [com.android.support:animated-vector-drawable:27.1.1] AndroidManifest.xml:20:5-44
MERGED from [com.android.support:support-vector-drawable:27.1.1] AndroidManifest.xml:20:5-44
MERGED from [com.android.support:support-core-ui:27.1.1] AndroidManifest.xml:20:5-44
MERGED from [com.android.support:support-core-utils:27.1.1] AndroidManifest.xml:20:5-44
MERGED from [com.android.support:support-compat:27.1.1] AndroidManifest.xml:20:5-44
MERGED from [android.arch.lifecycle:runtime:1.1.0] AndroidManifest.xml:20:5-44
	android:targetSdkVersion
		INJECTED from src/main/AndroidManifest.xml
		INJECTED from src/main/AndroidManifest.xml
	android:minSdkVersion
		INJECTED from src/main/AndroidManifest.xml
		INJECTED from src/main/AndroidManifest.xml